
ASEM-51 V1.3                                         Copyright (c) 2002 by W.W. Heinz                                         PAGE 1





       MCS-51 Family Macro Assembler   A S E M - 5 1   V 1.3
       =====================================================



	Source File:	C:\Users\INTEL\Pictures\lampusein.asm
	Object File:	C:\Users\INTEL\Pictures\lampusein.hex
	List File:	C:\Users\INTEL\Pictures\lampusein.lst



 Line  I  Addr  Code            Source

    1:		N      0000	org 00h
    2:	  0000			start:
    3:	  0000	75 80 FE	mov p0,#11111110B
    4:	  0003	11 69		acall delay
    5:	  0005	75 80 FF	mov p0,#11111111B
    6:	  0008	11 69		acall delay
    7:	  000A	75 80 FE	mov p0,#11111110B
    8:	  000D	11 69		acall delay
    9:	  000F	75 80 FF	mov p0,#11111111B
   10:	  0012	11 69		acall delay
   11:	  0014	75 80 FE	mov p0,#11111110B
   12:	  0017	11 69		acall delay
   13:	  0019	75 80 FF	mov p0,#11111111B
   14:	  001C	11 69		acall delay
   15:	  001E	75 80 FE	mov p0,#11111110B
   16:	  0021	11 69		acall delay
   17:	  0023	75 80 FF	mov p0,#11111111B
   18:	  0026	11 69		acall delay
   19:	  0028	75 80 FE	mov p0,#11111110B
   20:	  002B	11 69		acall delay
   21:	  002D	75 80 FF	mov p0,#11111111B
   22:	  0030	11 69		acall delay
   23:	  0032	75 80 FD	mov p0,#11111101B
   24:	  0035	11 69		acall delay
   25:	  0037	75 80 FF	mov p0,#11111111B
   26:	  003A	11 69		acall delay
   27:	  003C	75 80 FD	mov p0,#11111101B
   28:	  003F	11 69		acall delay
   29:	  0041	75 80 FF	mov p0,#11111111B
   30:	  0044	11 69		acall delay
   31:	  0046	75 80 FD	mov p0,#11111101B
   32:	  0049	11 69		acall delay
   33:	  004B	75 80 FF	mov p0,#11111111B
   34:	  004E	11 69		acall delay
   35:	  0050	75 80 FD	mov p0,#11111101B
   36:	  0053	11 69		acall delay
   37:	  0055	75 80 FF	mov p0,#11111111B
   38:	  0058	11 69		acall delay
   39:	  005A	75 80 FD	mov p0,#11111101B
   40:	  005D	11 69		acall delay
   41:	  005F	75 80 FF	mov p0,#11111111B
   42:	  0062	11 69		acall delay
   43:

ASEM-51 V1.3                                         Copyright (c) 2002 by W.W. Heinz                                         PAGE 2



 Line  I  Addr  Code            Source

   44:
   45:
   46:	  0064	85 90 80	mov P0,P1
   47:	  0067	01 00		ajmp start
   48:	  0069	7F 00		delay: mov r7,#00h
   49:	  006B	7E 00		ulang2: mov r6,#00h
   50:	  006D	7D 00		ulang1: mov r5,#00h
   51:	  006F	0D		ulang: inc r5
   52:	  0070	BD 40 FC	cjne r5,#40h,ulang
   53:	  0073	0E		inc r6
   54:	  0074	BE 40 F6	cjne r6,#40h,ulang1
   55:	  0077	0F		inc r7
   56:	  0078	BF 40 F0	cjne r7,#40h,ulang2
   57:	  007B	22		ret
   58:				end





                     register banks used:  ---

                     no errors




ASEM-51 V1.3                                         Copyright (c) 2002 by W.W. Heinz                                         PAGE 3





	       L I S T   O F   S Y M B O L S
	       =============================


SYMBOL				  TYPE     VALUE	LINE
------------------------------------------------------------
??ASEM_51			  NUMBER    8051
??VERSION			  NUMBER    0130
AC				  BIT	      D6
ACC				  DATA	      E0
B				  DATA	      F0
CY				  BIT	      D7
DELAY				  CODE	    0069	  48
DPH				  DATA	      83
DPL				  DATA	      82
EA				  BIT	      AF
ES				  BIT	      AC
ET0				  BIT	      A9
ET1				  BIT	      AB
EX0				  BIT	      A8
EX1				  BIT	      AA
EXTI0				  CODE	    0003
EXTI1				  CODE	    0013
F0				  BIT	      D5
IE				  DATA	      A8
IE0				  BIT	      89
IE1				  BIT	      8B
INT0				  BIT	      B2
INT1				  BIT	      B3
IP				  DATA	      B8
IT0				  BIT	      88
IT1				  BIT	      8A
OV				  BIT	      D2
P				  BIT	      D0
P0				  DATA	      80
P1				  DATA	      90
P2				  DATA	      A0
P3				  DATA	      B0
PCON				  DATA	      87
PS				  BIT	      BC
PSW				  DATA	      D0
PT0				  BIT	      B9
PT1				  BIT	      BB
PX0				  BIT	      B8
PX1				  BIT	      BA
RB8				  BIT	      9A
RD				  BIT	      B7
REN				  BIT	      9C
RESET				  CODE	    0000
RI				  BIT	      98
RS0				  BIT	      D3
RS1				  BIT	      D4
RXD				  BIT	      B0
SBUF				  DATA	      99
SCON				  DATA	      98
SINT				  CODE	    0023

ASEM-51 V1.3                                         Copyright (c) 2002 by W.W. Heinz                                         PAGE 4



SYMBOL				  TYPE     VALUE	LINE
------------------------------------------------------------
SM0				  BIT	      9F
SM1				  BIT	      9E
SM2				  BIT	      9D
SP				  DATA	      81
START				  CODE	    0000	   2
T0				  BIT	      B4
T1				  BIT	      B5
TB8				  BIT	      9B
TCON				  DATA	      88
TF0				  BIT	      8D
TF1				  BIT	      8F
TH0				  DATA	      8C
TH1				  DATA	      8D
TI				  BIT	      99
TIMER0				  CODE	    000B
TIMER1				  CODE	    001B
TL0				  DATA	      8A
TL1				  DATA	      8B
TMOD				  DATA	      89
TR0				  BIT	      8C
TR1				  BIT	      8E
TXD				  BIT	      B1
ULANG				  CODE	    006F	  51
ULANG1				  CODE	    006D	  50
ULANG2				  CODE	    006B	  49
WR				  BIT	      B6
